{"C:\\React\\nba-stats\\nba-project\\link.js": {"path":"C:\\React\\nba-stats\\nba-project\\link.js","statementMap":{"0":{"start":{"line":3,"column":15},"end":{"line":6,"column":1}},"1":{"start":{"line":9,"column":30},"end":{"line":9,"column":53}},"2":{"start":{"line":11,"column":23},"end":{"line":13,"column":3}},"3":{"start":{"line":12,"column":4},"end":{"line":12,"column":30}},"4":{"start":{"line":15,"column":23},"end":{"line":17,"column":3}},"5":{"start":{"line":16,"column":4},"end":{"line":16,"column":29}},"6":{"start":{"line":19,"column":2},"end":{"line":28,"column":4}}},"fnMap":{"0":{"name":"Link","decl":{"start":{"line":8,"column":24},"end":{"line":8,"column":28}},"loc":{"start":{"line":8,"column":47},"end":{"line":29,"column":1}},"line":8},"1":{"name":"(anonymous_1)","decl":{"start":{"line":11,"column":23},"end":{"line":11,"column":24}},"loc":{"start":{"line":11,"column":29},"end":{"line":13,"column":3}},"line":11},"2":{"name":"(anonymous_2)","decl":{"start":{"line":15,"column":23},"end":{"line":15,"column":24}},"loc":{"start":{"line":15,"column":29},"end":{"line":17,"column":3}},"line":15}},"branchMap":{"0":{"loc":{"start":{"line":22,"column":12},"end":{"line":22,"column":23}},"type":"binary-expr","locations":[{"start":{"line":22,"column":12},"end":{"line":22,"column":16}},{"start":{"line":22,"column":20},"end":{"line":22,"column":23}}],"line":22}},"s":{"0":1,"1":3,"2":3,"3":1,"4":3,"5":1,"6":3},"f":{"0":3,"1":1,"2":1},"b":{"0":[3,0]},"_coverageSchema":"1a1c01bbd47fc00a2c39e90264f33305004495a9","hash":"c358dbb31fd6d1df9ceff0798b36802eaf5389c7"}
}
